<?xml version="1.0" encoding="UTF-8"?>
<!-- Generated by org.testng.reporters.JUnitReportReporter -->
<testsuite hostname="Priyanka" failures="0" tests="1" name="com.Bhim.Npci.BalanceVerificationinprofileTest" time="78.100" errors="1" timestamp="2023-07-10T23:23:14 IST" skipped="0">
  <testcase classname="com.Bhim.Npci.BalanceVerificationinprofileTest" name="balanceenquiry" time="78.100">
    <error message="An element could not be located on the page using the given search parameters.
For documentation on this error, please visit: https://selenium.dev/exceptions/#no_such_element
Build info: version: &#039;4.7.2&#039;, revision: &#039;4d4020c3b7&#039;
System info: os.name: &#039;Windows 11&#039;, os.arch: &#039;amd64&#039;, os.version: &#039;10.0&#039;, java.version: &#039;17.0.4&#039;
Driver info: io.appium.java_client.android.AndroidDriver
Command: [432ac1ea-6176-4b7b-b6dd-dc3d25c92d62, findElement {using=xpath, value=//android.widget.Button[@content-desc=&quot;Go back&quot;]/android.widget.ImageView}]
Capabilities {appium:appActivity: .HomeActivity, appium:appPackage: in.org.npci.upiapp, appium:automationName: UiAutomator2, appium:databaseEnabled: false, appium:desired: {appActivity: .HomeActivity, appPackage: in.org.npci.upiapp, automationName: UiAutomator2, deviceName: iQOO Neo6, noReset: true, platformName: android, udid: 10BCA116FY000EE}, appium:deviceApiLevel: 33, appium:deviceManufacturer: vivo, appium:deviceModel: I2202, appium:deviceName: 10BCA116FY000EE, appium:deviceScreenDensity: 396, appium:deviceScreenSize: 1080x2400, appium:deviceUDID: 10BCA116FY000EE, appium:javascriptEnabled: true, appium:locationContextEnabled: false, appium:networkConnectionEnabled: true, appium:noReset: true, appium:pixelRatio: 2.4750001, appium:platformVersion: 13, appium:statBarHeight: 79, appium:takesScreenshot: true, appium:udid: 10BCA116FY000EE, appium:viewportRect: {height: 2135, left: 0, top: 79, width: 1080}, appium:warnings: {}, appium:webStorageEnabled: false, platformName: ANDROID}
Session ID: 432ac1ea-6176-4b7b-b6dd-dc3d25c92d62" type="org.openqa.selenium.NoSuchElementException">
      <![CDATA[org.openqa.selenium.NoSuchElementException: An element could not be located on the page using the given search parameters.
For documentation on this error, please visit: https://selenium.dev/exceptions/#no_such_element
Build info: version: '4.7.2', revision: '4d4020c3b7'
System info: os.name: 'Windows 11', os.arch: 'amd64', os.version: '10.0', java.version: '17.0.4'
Driver info: io.appium.java_client.android.AndroidDriver
Command: [432ac1ea-6176-4b7b-b6dd-dc3d25c92d62, findElement {using=xpath, value=//android.widget.Button[@content-desc="Go back"]/android.widget.ImageView}]
Capabilities {appium:appActivity: .HomeActivity, appium:appPackage: in.org.npci.upiapp, appium:automationName: UiAutomator2, appium:databaseEnabled: false, appium:desired: {appActivity: .HomeActivity, appPackage: in.org.npci.upiapp, automationName: UiAutomator2, deviceName: iQOO Neo6, noReset: true, platformName: android, udid: 10BCA116FY000EE}, appium:deviceApiLevel: 33, appium:deviceManufacturer: vivo, appium:deviceModel: I2202, appium:deviceName: 10BCA116FY000EE, appium:deviceScreenDensity: 396, appium:deviceScreenSize: 1080x2400, appium:deviceUDID: 10BCA116FY000EE, appium:javascriptEnabled: true, appium:locationContextEnabled: false, appium:networkConnectionEnabled: true, appium:noReset: true, appium:pixelRatio: 2.4750001, appium:platformVersion: 13, appium:statBarHeight: 79, appium:takesScreenshot: true, appium:udid: 10BCA116FY000EE, appium:viewportRect: {height: 2135, left: 0, top: 79, width: 1080}, appium:warnings: {}, appium:webStorageEnabled: false, platformName: ANDROID}
Session ID: 432ac1ea-6176-4b7b-b6dd-dc3d25c92d62
at java.base/jdk.internal.reflect.NativeConstructorAccessorImpl.newInstance0(Native Method)
at java.base/jdk.internal.reflect.NativeConstructorAccessorImpl.newInstance(NativeConstructorAccessorImpl.java:77)
at java.base/jdk.internal.reflect.DelegatingConstructorAccessorImpl.newInstance(DelegatingConstructorAccessorImpl.java:45)
at java.base/java.lang.reflect.Constructor.newInstanceWithCaller(Constructor.java:499)
at java.base/java.lang.reflect.Constructor.newInstance(Constructor.java:480)
at org.openqa.selenium.remote.codec.w3c.W3CHttpResponseCodec.createException(W3CHttpResponseCodec.java:200)
at org.openqa.selenium.remote.codec.w3c.W3CHttpResponseCodec.decode(W3CHttpResponseCodec.java:133)
at org.openqa.selenium.remote.codec.w3c.W3CHttpResponseCodec.decode(W3CHttpResponseCodec.java:53)
at org.openqa.selenium.remote.HttpCommandExecutor.execute(HttpCommandExecutor.java:184)
at io.appium.java_client.remote.AppiumCommandExecutor.execute(AppiumCommandExecutor.java:262)
at org.openqa.selenium.remote.RemoteWebDriver.execute(RemoteWebDriver.java:535)
at org.openqa.selenium.remote.ElementLocation$ElementFinder$2.findElement(ElementLocation.java:162)
at org.openqa.selenium.remote.ElementLocation.findElement(ElementLocation.java:60)
at org.openqa.selenium.remote.RemoteWebDriver.findElement(RemoteWebDriver.java:351)
at org.openqa.selenium.remote.RemoteWebDriver.findElement(RemoteWebDriver.java:343)
at org.openqa.selenium.support.pagefactory.DefaultElementLocator.findElement(DefaultElementLocator.java:70)
at org.openqa.selenium.support.pagefactory.internal.LocatingElementHandler.invoke(LocatingElementHandler.java:39)
at jdk.proxy2/jdk.proxy2.$Proxy18.click(Unknown Source)
at com.bhimapp.objectrepository.BankAccounts.clickonbackbuttonApp(BankAccounts.java:37)
at com.Bhim.Npci.BalanceVerificationinprofileTest.balanceenquiry(BalanceVerificationinprofileTest.java:91)
at java.base/jdk.internal.reflect.NativeMethodAccessorImpl.invoke0(Native Method)
at java.base/jdk.internal.reflect.NativeMethodAccessorImpl.invoke(NativeMethodAccessorImpl.java:77)
at java.base/jdk.internal.reflect.DelegatingMethodAccessorImpl.invoke(DelegatingMethodAccessorImpl.java:43)
at java.base/java.lang.reflect.Method.invoke(Method.java:568)
at org.testng.internal.MethodInvocationHelper.invokeMethod(MethodInvocationHelper.java:133)
at org.testng.internal.TestInvoker.invokeMethod(TestInvoker.java:598)
at org.testng.internal.TestInvoker.invokeTestMethod(TestInvoker.java:173)
at org.testng.internal.MethodRunner.runInSequence(MethodRunner.java:46)
at org.testng.internal.TestInvoker$MethodInvocationAgent.invoke(TestInvoker.java:824)
at org.testng.internal.TestInvoker.invokeTestMethods(TestInvoker.java:146)
at org.testng.internal.TestMethodWorker.invokeTestMethods(TestMethodWorker.java:146)
at org.testng.internal.TestMethodWorker.run(TestMethodWorker.java:128)
at java.base/java.util.ArrayList.forEach(ArrayList.java:1511)
at org.testng.TestRunner.privateRun(TestRunner.java:794)
at org.testng.TestRunner.run(TestRunner.java:596)
at org.testng.SuiteRunner.runTest(SuiteRunner.java:377)
at org.testng.SuiteRunner.runSequentially(SuiteRunner.java:371)
at org.testng.SuiteRunner.privateRun(SuiteRunner.java:332)
at org.testng.SuiteRunner.run(SuiteRunner.java:276)
at org.testng.SuiteRunnerWorker.runSuite(SuiteRunnerWorker.java:53)
at org.testng.SuiteRunnerWorker.run(SuiteRunnerWorker.java:96)
at org.testng.TestNG.runSuitesSequentially(TestNG.java:1212)
at org.testng.TestNG.runSuitesLocally(TestNG.java:1134)
at org.testng.TestNG.runSuites(TestNG.java:1063)
at org.testng.TestNG.run(TestNG.java:1031)
at org.testng.remote.AbstractRemoteTestNG.run(AbstractRemoteTestNG.java:115)
at org.testng.remote.RemoteTestNG.initAndRun(RemoteTestNG.java:251)
at org.testng.remote.RemoteTestNG.main(RemoteTestNG.java:77)
]]>
    </error>
  </testcase> <!-- balanceenquiry -->
  <system-out/>
</testsuite> <!-- com.Bhim.Npci.BalanceVerificationinprofileTest -->
